<?xml version="1.0" encoding="UTF-8"?>
<!-- Generated by org.testng.reporters.JUnitReportReporter -->
<testsuite hostname="DESKTOP-OUI7JLC" failures="0" tests="3" name="Practice_Package.Dummy" time="0.020" errors="0" timestamp="2023-01-06T13:09:27 IST" skipped="0">
  <testcase classname="Practice_Package.Dummy" name="delete" time="0.002"/>
  <system-out/>
  <testcase classname="Practice_Package.Dummy" name="create" time="0.017"/>
  <system-out/>
  <testcase classname="Practice_Package.Dummy" name="update" time="0.001"/>
  <system-out/>
</testsuite> <!-- Practice_Package.Dummy -->
