<?xml version="1.0" encoding="UTF-8"?>
<!-- Generated by org.testng.reporters.JUnitReportReporter -->
<testsuite hostname="DESKTOP-OUI7JLC" failures="0" tests="3" name="Practice_Package.DataProvider_Ex" time="0.022" errors="0" timestamp="2023-01-06T17:27:28 IST" skipped="0">
  <testcase classname="Practice_Package.DataProvider_Ex" name="travel" time="0.002"/>
  <system-out/>
  <testcase classname="Practice_Package.DataProvider_Ex" name="travel" time="0.002"/>
  <system-out/>
  <testcase classname="Practice_Package.DataProvider_Ex" name="travel" time="0.018"/>
  <system-out/>
</testsuite> <!-- Practice_Package.DataProvider_Ex -->
