<?xml version="1.0" encoding="UTF-8"?>
<!-- Generated by org.testng.reporters.JUnitReportReporter -->
<testsuite hostname="DESKTOP-OUI7JLC" failures="0" tests="1" name="HrOfficer_Module.HrOfficerAddEmpUsingTNg" time="49.209" errors="0" timestamp="2023-01-10T10:39:45 IST" skipped="0">
  <testcase classname="HrOfficer_Module.HrOfficerAddEmpUsingTNg" name="addEmployee" time="49.209"/>
  <system-out/>
</testsuite> <!-- HrOfficer_Module.HrOfficerAddEmpUsingTNg -->
