<?xml version="1.0" encoding="UTF-8"?>
<!-- Generated by org.testng.reporters.JUnitReportReporter -->
<testsuite hostname="DESKTOP-OUI7JLC" failures="0" tests="3" name="Practice_Package.DemoDataProvider" time="0.023" errors="0" timestamp="2023-01-09T12:33:10 IST" skipped="0">
  <testcase classname="Practice_Package.DemoDataProvider" name="readData" time="0.018"/>
  <system-out/>
  <testcase classname="Practice_Package.DemoDataProvider" name="readData" time="0.003"/>
  <system-out/>
  <testcase classname="Practice_Package.DemoDataProvider" name="readData" time="0.002"/>
  <system-out/>
</testsuite> <!-- Practice_Package.DemoDataProvider -->
