<?xml version="1.0" encoding="UTF-8"?>
<!-- Generated by org.testng.reporters.JUnitReportReporter -->
<testsuite hostname="DESKTOP-OUI7JLC" failures="0" tests="1" name="HrOfficer_Module.HrOfficerVerify" time="41.956" errors="0" timestamp="2023-01-11T17:48:37 IST" skipped="0">
  <testcase classname="HrOfficer_Module.HrOfficerVerify" name="addAssistantEmployee" time="41.956"/>
  <system-out/>
</testsuite> <!-- HrOfficer_Module.HrOfficerVerify -->
