<?xml version="1.0" encoding="UTF-8"?>
<!-- Generated by org.testng.reporters.JUnitReportReporter -->
<testsuite hostname="DESKTOP-OUI7JLC" failures="0" tests="2" name="Practice_Package.DemoAnnotations" time="0.018" errors="0" timestamp="2023-01-09T13:13:00 IST" skipped="0">
  <testcase classname="Practice_Package.DemoAnnotations" name="addEmployee" time="0.015"/>
  <system-out/>
  <testcase classname="Practice_Package.DemoAnnotations" name="addBranch" time="0.003"/>
  <system-out/>
</testsuite> <!-- Practice_Package.DemoAnnotations -->
